canu/2.0 has the useGrid option default set to useGrid=false. This can be overriden by another configuration file or a command-line option.
-- Canu 2.0
--
-- Detected Java(TM) Runtime Environment '1.8.0_151' (from '/sw/comp/java/x86_64/sun_jdk1.8.0_151/bin/java') with -d64 support.
-- Detected gnuplot version '4.6 patchlevel 2   ' (from 'gnuplot') and image format 'png'.
-- Detected 16 CPUs and 126 gigabytes of memory.
-- Detected Slurm with 'sinfo' binary in /usr/bin/sinfo.
-- Grid engine and staging disabled per useGrid=false option.
--
--                                (tag)Concurrency
--                         (tag)Threads          |
--                (tag)Memory         |          |
--        (tag)             |         |          |       total usage      algorithm
--        -------  ----------  --------   --------  --------------------  -----------------------------
-- Local: meryl     12.000 GB    4 CPUs x   4 jobs    48.000 GB  16 CPUs  (k-mer counting)
-- Local: hap        8.000 GB    4 CPUs x   4 jobs    32.000 GB  16 CPUs  (read-to-haplotype assignment)
-- Local: cormhap    6.000 GB   16 CPUs x   1 job      6.000 GB  16 CPUs  (overlap detection with mhap)
-- Local: obtovl     4.000 GB    8 CPUs x   2 jobs     8.000 GB  16 CPUs  (overlap detection)
-- Local: utgovl     4.000 GB    8 CPUs x   2 jobs     8.000 GB  16 CPUs  (overlap detection)
-- Local: cor        8.000 GB    4 CPUs x   4 jobs    32.000 GB  16 CPUs  (read correction)
-- Local: ovb        4.000 GB    1 CPU  x  16 jobs    64.000 GB  16 CPUs  (overlap store bucketizer)
-- Local: ovs        8.000 GB    1 CPU  x  15 jobs   120.000 GB  15 CPUs  (overlap store sorting)
-- Local: red       16.000 GB    4 CPUs x   4 jobs    64.000 GB  16 CPUs  (read error detection)
-- Local: oea        8.000 GB    1 CPU  x  15 jobs   120.000 GB  15 CPUs  (overlap error adjustment)
-- Local: bat       16.000 GB    4 CPUs x   1 job     16.000 GB   4 CPUs  (contig construction with bogart)
-- Local: cns        -.--- GB    4 CPUs x   - jobs     -.--- GB   - CPUs  (consensus)
-- Local: gfa       16.000 GB    4 CPUs x   1 job     16.000 GB   4 CPUs  (GFA alignment and processing)
--
-- Found untrimmed raw PacBio CLR reads in the input files.
--
-- Generating assembly 'assembly' in '/domus/h1/huda4885/genome_analysis_project/analysis/01_canu':
--    - correct raw reads.
--    - trim corrected reads.
--    - assemble corrected and trimmed reads.
--
-- Parameters:
--
--  genomeSize        3000000
--
--  Overlap Generation Limits:
--    corOvlErrorRate 0.2400 ( 24.00%)
--    obtOvlErrorRate 0.0450 (  4.50%)
--    utgOvlErrorRate 0.0450 (  4.50%)
--
--  Overlap Processing Limits:
--    corErrorRate    0.3000 ( 30.00%)
--    obtErrorRate    0.0450 (  4.50%)
--    utgErrorRate    0.0450 (  4.50%)
--    cnsErrorRate    0.0750 (  7.50%)
--
--
-- BEGIN CORRECTION
--
----------------------------------------
-- Starting command on Fri Apr  9 09:53:18 2021 with 19355.922 GB free disk space

    cd .
    ./assembly.seqStore.sh \
    > ./assembly.seqStore.err 2>&1

-- Finished on Fri Apr  9 09:54:56 2021 (98 seconds) with 19352.945 GB free disk space
----------------------------------------
----------------------------------------
-- Starting command on Fri Apr  9 09:54:56 2021 with 19352.945 GB free disk space

    cd .
    /sw/bioinfo/canu/2.0/rackham/Linux-amd64/bin/sqStoreDumpMetaData \
      -S ./assembly.seqStore \
      -raw \
      -histogram \
      -lengths \
    > ./assembly.seqStore/readlengths-cor.dat \
    2> ./assembly.seqStore/readlengths-cor.err 
    

-- Finished on Fri Apr  9 09:54:56 2021 (lickety-split) with 19352.944 GB free disk space
----------------------------------------
----------------------------------------
-- Starting command on Fri Apr  9 09:54:56 2021 with 19352.944 GB free disk space

    cd .
    /sw/bioinfo/canu/2.0/rackham/Linux-amd64/bin/sqStoreDumpMetaData \
      -S ./assembly.seqStore \
      -raw \
      -histogram \
    > ./assembly.seqStore/readlengths-cor.txt \
    2> ./assembly.seqStore/readlengths-cor.err 
    

-- Finished on Fri Apr  9 09:54:56 2021 (fast as lightning) with 19352.944 GB free disk space
----------------------------------------
--
-- In sequence store './assembly.seqStore':
--   Found 43044 reads.
--   Found 600000297 bases (200 times coverage).
--    
--    G=600000297                        sum of  ||               length     num
--    NG         length     index       lengths  ||                range    seqs
--    ----- ------------ --------- ------------  ||  ------------------- -------
--    00010        38741      1359     60023396  ||       1000-2450         5347|---------------------------------------------------------------
--    00020        33788      3022    120006078  ||       2451-3901         3292|---------------------------------------
--    00030        29192      4934    180023400  ||       3902-5352         2627|-------------------------------
--    00040        24730      7167    240000882  ||       5353-6803         2433|-----------------------------
--    00050        20970      9808    300008328  ||       6804-8254         2295|----------------------------
--    00060        17536     12935    360002174  ||       8255-9705         2343|----------------------------
--    00070        14451     16703    420001908  ||       9706-11156        2633|--------------------------------
--    00080        11567     21337    480001557  ||      11157-12607        2553|-------------------------------
--    00090         8000     27430    540001418  ||      12608-14058        2211|---------------------------
--    00100         1000     43043    600000297  ||      14059-15509        1986|------------------------
--    001.000x               43044    600000297  ||      15510-16960        1757|---------------------
--                                               ||      16961-18411        1503|------------------
--                                               ||      18412-19862        1337|----------------
--                                               ||      19863-21313        1209|---------------
--                                               ||      21314-22764        1092|-------------
--                                               ||      22765-24215         975|------------
--                                               ||      24216-25666         807|----------
--                                               ||      25667-27117         755|---------
--                                               ||      27118-28568         669|--------
--                                               ||      28569-30019         681|---------
--                                               ||      30020-31470         624|--------
--                                               ||      31471-32921         558|-------
--                                               ||      32922-34372         550|-------
--                                               ||      34373-35823         570|-------
--                                               ||      35824-37274         475|------
--                                               ||      37275-38725         398|-----
--                                               ||      38726-40176         335|----
--                                               ||      40177-41627         263|----
--                                               ||      41628-43078         160|--
--                                               ||      43079-44529         138|--
--                                               ||      44530-45980          95|--
--                                               ||      45981-47431         107|--
--                                               ||      47432-48882          63|-
--                                               ||      48883-50333          50|-
--                                               ||      50334-51784          29|-
--                                               ||      51785-53235          27|-
--                                               ||      53236-54686          15|-
--                                               ||      54687-56137          19|-
--                                               ||      56138-57588          13|-
--                                               ||      57589-59039          13|-
--                                               ||      59040-60490           8|-
--                                               ||      60491-61941           9|-
--                                               ||      61942-63392           5|-
--                                               ||      63393-64843           5|-
--                                               ||      64844-66294           1|-
--                                               ||      66295-67745           2|-
--                                               ||      67746-69196           2|-
--                                               ||      69197-70647           2|-
--                                               ||      70648-72098           1|-
--                                               ||      72099-73549           2|-
--    
-- New report created.
----------------------------------------
-- Starting command on Fri Apr  9 09:54:56 2021 with 19352.944 GB free disk space

    cd correction/0-mercounts
    ./meryl-configure.sh \
    > ./meryl-configure.err 2>&1

-- Finished on Fri Apr  9 09:54:57 2021 (one second) with 19352.944 GB free disk space
----------------------------------------
--  segments   memory batches
--  -------- -------- -------
--        01  1.56 GB       1
--        02  0.81 GB       1
--        04  0.44 GB       1
--        06  0.31 GB       1
--
--  For 43044 reads with 600000297 bases, limit to 6 batches.
--  Will count kmers using 01 jobs, each using 3 GB and 4 threads.
--
-- Report changed.
-- Finished stage 'merylConfigure', reset canuIteration.
-- No change in report.
--
-- Running jobs.  First attempt out of 2.
----------------------------------------
-- Starting 'meryl' concurrent execution on Fri Apr  9 09:54:57 2021 with 19352.944 GB free disk space (1 processes; 4 concurrently)

    cd correction/0-mercounts
    ./meryl-count.sh 1 > ./meryl-count.000001.out 2>&1

-- Finished on Fri Apr  9 09:56:18 2021 (81 seconds) with 19350.214 GB free disk space
----------------------------------------
-- Found 1 Kmer counting (meryl) outputs.
-- No change in report.
-- Finished stage 'cor-merylCountCheck', reset canuIteration.
-- No change in report.
--
-- Running jobs.  First attempt out of 2.
----------------------------------------
-- Starting 'meryl' concurrent execution on Fri Apr  9 09:56:18 2021 with 19350.214 GB free disk space (1 processes; 4 concurrently)

    cd correction/0-mercounts
    ./meryl-process.sh 1 > ./meryl-process.000001.out 2>&1

-- Finished on Fri Apr  9 09:57:10 2021 (52 seconds) with 19348.199 GB free disk space
----------------------------------------
-- Meryl finished successfully.  Kmer frequency histogram:
--
--  16-mers                                                                                           Fraction
--    Occurrences   NumMers                                                                         Unique Total
--       1-     1         0                                                                        0.0000 0.0000
--       2-     2  53476519 ********************************************************************** 0.6416 0.3576
--       3-     4  20130892 **************************                                             0.8143 0.5020
--       5-     7   5393970 *******                                                                0.9175 0.6266
--       8-    11   1351983 *                                                                      0.9548 0.6961
--      12-    16    378290                                                                        0.9655 0.7258
--      17-    22    537976                                                                        0.9694 0.7420
--      23-    29   1048279 *                                                                      0.9767 0.7847
--      30-    37    763518                                                                        0.9893 0.8794
--      38-    46    199887                                                                        0.9974 0.9551
--      47-    56     34983                                                                        0.9993 0.9776
--      57-    67     12308                                                                        0.9997 0.9828
--      68-    79      4744                                                                        0.9998 0.9852
--      80-    92      2149                                                                        0.9999 0.9862
--      93-   106      1290                                                                        0.9999 0.9868
--     107-   121      1222                                                                        0.9999 0.9872
--     122-   137      1279                                                                        0.9999 0.9877
--     138-   154       980                                                                        0.9999 0.9883
--     155-   172       759                                                                        0.9999 0.9887
--     173-   191       614                                                                        1.0000 0.9891
--     192-   211       443                                                                        1.0000 0.9895
--     212-   232       376                                                                        1.0000 0.9898
--     233-   254       282                                                                        1.0000 0.9901
--     255-   277       168                                                                        1.0000 0.9903
--     278-   301       110                                                                        1.0000 0.9905
--     302-   326       101                                                                        1.0000 0.9906
--     327-   352        95                                                                        1.0000 0.9907
--     353-   379       122                                                                        1.0000 0.9908
--     380-   407       132                                                                        1.0000 0.9909
--     408-   436       139                                                                        1.0000 0.9911
--     437-   466       139                                                                        1.0000 0.9913
--     467-   497       111                                                                        1.0000 0.9915
--     498-   529        97                                                                        1.0000 0.9917
--     530-   562        75                                                                        1.0000 0.9918
--     563-   596        53                                                                        1.0000 0.9920
--     597-   631        60                                                                        1.0000 0.9921
--     632-   667        58                                                                        1.0000 0.9922
--     668-   704        19                                                                        1.0000 0.9923
--     705-   742        19                                                                        1.0000 0.9924
--     743-   781        19                                                                        1.0000 0.9924
--     782-   821        43                                                                        1.0000 0.9925
--
--           0 (max occurrences)
--   299044812 (total mers, non-unique)
--    83344663 (distinct mers, non-unique)
--           0 (unique mers)
-- Report changed.
-- Finished stage 'meryl-process', reset canuIteration.
--
-- Removing meryl database 'correction/0-mercounts/assembly.ms16'.
--
-- OVERLAPPER (mhap) (correction)
--
-- Set corMhapSensitivity=low based on read coverage of 200.
--
-- PARAMETERS: hashes=256, minMatches=3, threshold=0.8
--
-- Given 5.4 GB, can fit 16200 reads per block.
-- For 15 blocks, set stride to 2 blocks.
-- Logging partitioning to 'correction/1-overlapper/partitioning.log'.
-- Configured 14 mhap precompute jobs.
-- Configured 50 mhap overlap jobs.
-- No change in report.
-- Finished stage 'cor-mhapConfigure', reset canuIteration.
-- No change in report.
--
-- Running jobs.  First attempt out of 2.
----------------------------------------
-- Starting 'cormhap' concurrent execution on Fri Apr  9 09:57:11 2021 with 19348.188 GB free disk space (14 processes; 1 concurrently)

    cd correction/1-overlapper
    ./precompute.sh 1 > ./precompute.000001.out 2>&1
    ./precompute.sh 2 > ./precompute.000002.out 2>&1
    ./precompute.sh 3 > ./precompute.000003.out 2>&1
    ./precompute.sh 4 > ./precompute.000004.out 2>&1
    ./precompute.sh 5 > ./precompute.000005.out 2>&1
    ./precompute.sh 6 > ./precompute.000006.out 2>&1
    ./precompute.sh 7 > ./precompute.000007.out 2>&1
    ./precompute.sh 8 > ./precompute.000008.out 2>&1
    ./precompute.sh 9 > ./precompute.000009.out 2>&1
    ./precompute.sh 10 > ./precompute.000010.out 2>&1
    ./precompute.sh 11 > ./precompute.000011.out 2>&1
    ./precompute.sh 12 > ./precompute.000012.out 2>&1
    ./precompute.sh 13 > ./precompute.000013.out 2>&1
    ./precompute.sh 14 > ./precompute.000014.out 2>&1

-- Finished on Fri Apr  9 11:36:29 2021 (5958 seconds) with 19423.721 GB free disk space
----------------------------------------
-- All 14 mhap precompute jobs finished successfully.
-- No change in report.
-- Finished stage 'cor-mhapPrecomputeCheck', reset canuIteration.
-- No change in report.
--
-- Running jobs.  First attempt out of 2.
----------------------------------------
-- Starting 'cormhap' concurrent execution on Fri Apr  9 11:36:29 2021 with 19423.721 GB free disk space (50 processes; 1 concurrently)

    cd correction/1-overlapper
    ./mhap.sh 1 > ./mhap.000001.out 2>&1
    ./mhap.sh 2 > ./mhap.000002.out 2>&1
    ./mhap.sh 3 > ./mhap.000003.out 2>&1
    ./mhap.sh 4 > ./mhap.000004.out 2>&1
    ./mhap.sh 5 > ./mhap.000005.out 2>&1
    ./mhap.sh 6 > ./mhap.000006.out 2>&1
    ./mhap.sh 7 > ./mhap.000007.out 2>&1
    ./mhap.sh 8 > ./mhap.000008.out 2>&1
    ./mhap.sh 9 > ./mhap.000009.out 2>&1
    ./mhap.sh 10 > ./mhap.000010.out 2>&1
    ./mhap.sh 11 > ./mhap.000011.out 2>&1
    ./mhap.sh 12 > ./mhap.000012.out 2>&1
    ./mhap.sh 13 > ./mhap.000013.out 2>&1
    ./mhap.sh 14 > ./mhap.000014.out 2>&1
    ./mhap.sh 15 > ./mhap.000015.out 2>&1
    ./mhap.sh 16 > ./mhap.000016.out 2>&1
    ./mhap.sh 17 > ./mhap.000017.out 2>&1
    ./mhap.sh 18 > ./mhap.000018.out 2>&1
    ./mhap.sh 19 > ./mhap.000019.out 2>&1
    ./mhap.sh 20 > ./mhap.000020.out 2>&1
    ./mhap.sh 21 > ./mhap.000021.out 2>&1
    ./mhap.sh 22 > ./mhap.000022.out 2>&1
    ./mhap.sh 23 > ./mhap.000023.out 2>&1
    ./mhap.sh 24 > ./mhap.000024.out 2>&1
    ./mhap.sh 25 > ./mhap.000025.out 2>&1
    ./mhap.sh 26 > ./mhap.000026.out 2>&1
    ./mhap.sh 27 > ./mhap.000027.out 2>&1
    ./mhap.sh 28 > ./mhap.000028.out 2>&1
    ./mhap.sh 29 > ./mhap.000029.out 2>&1
    ./mhap.sh 30 > ./mhap.000030.out 2>&1
    ./mhap.sh 31 > ./mhap.000031.out 2>&1
    ./mhap.sh 32 > ./mhap.000032.out 2>&1
    ./mhap.sh 33 > ./mhap.000033.out 2>&1
    ./mhap.sh 34 > ./mhap.000034.out 2>&1
    ./mhap.sh 35 > ./mhap.000035.out 2>&1
    ./mhap.sh 36 > ./mhap.000036.out 2>&1
    ./mhap.sh 37 > ./mhap.000037.out 2>&1
    ./mhap.sh 38 > ./mhap.000038.out 2>&1
    ./mhap.sh 39 > ./mhap.000039.out 2>&1
    ./mhap.sh 40 > ./mhap.000040.out 2>&1
    ./mhap.sh 41 > ./mhap.000041.out 2>&1
    ./mhap.sh 42 > ./mhap.000042.out 2>&1
    ./mhap.sh 43 > ./mhap.000043.out 2>&1
    ./mhap.sh 44 > ./mhap.000044.out 2>&1
    ./mhap.sh 45 > ./mhap.000045.out 2>&1
    ./mhap.sh 46 > ./mhap.000046.out 2>&1
    ./mhap.sh 47 > ./mhap.000047.out 2>&1
    ./mhap.sh 48 > ./mhap.000048.out 2>&1
    ./mhap.sh 49 > ./mhap.000049.out 2>&1
    ./mhap.sh 50 > ./mhap.000050.out 2>&1

-- Finished on Fri Apr  9 11:44:51 2021 (502 seconds) with 19421.163 GB free disk space
----------------------------------------
-- Found 50 mhap overlap output files.
-- No change in report.
-- Finished stage 'cor-mhapCheck', reset canuIteration.
----------------------------------------
-- Starting command on Fri Apr  9 11:44:51 2021 with 19421.163 GB free disk space

    cd correction
    /sw/bioinfo/canu/2.0/rackham/Linux-amd64/bin/ovStoreConfig \
     -S ../assembly.seqStore \
     -M 4-8 \
     -L ./1-overlapper/ovljob.files \
     -create ./assembly.ovlStore.config \
     > ./assembly.ovlStore.config.txt \
    2> ./assembly.ovlStore.config.err

-- Finished on Fri Apr  9 11:44:51 2021 (lickety-split) with 19421.162 GB free disk space
----------------------------------------
--
-- Creating overlap store correction/assembly.ovlStore using:
--      2 buckets
--      2 slices
--        using at most 1 GB memory each
-- No change in report.
-- Finished stage 'cor-overlapStoreConfigure', reset canuIteration.
-- No change in report.
--
-- Running jobs.  First attempt out of 2.
----------------------------------------
-- Starting 'ovB' concurrent execution on Fri Apr  9 11:44:51 2021 with 19421.162 GB free disk space (2 processes; 16 concurrently)

    cd correction/assembly.ovlStore.BUILDING
    ./scripts/1-bucketize.sh 1 > ./logs/1-bucketize.000001.out 2>&1
    ./scripts/1-bucketize.sh 2 > ./logs/1-bucketize.000002.out 2>&1

-- Finished on Fri Apr  9 11:44:53 2021 (2 seconds) with 19421.121 GB free disk space
----------------------------------------
-- Overlap store bucketizer finished.
-- No change in report.
-- Finished stage 'cor-overlapStoreBucketizerCheck', reset canuIteration.
-- No change in report.
--
-- Running jobs.  First attempt out of 2.
----------------------------------------
-- Starting 'ovS' concurrent execution on Fri Apr  9 11:44:53 2021 with 19421.121 GB free disk space (2 processes; 15 concurrently)

    cd correction/assembly.ovlStore.BUILDING
    ./scripts/2-sort.sh 1 > ./logs/2-sort.000001.out 2>&1
    ./scripts/2-sort.sh 2 > ./logs/2-sort.000002.out 2>&1

-- Finished on Fri Apr  9 11:44:54 2021 (one second) with 19421.054 GB free disk space
----------------------------------------
-- Overlap store sorter finished.
-- No change in report.
-- Finished stage 'cor-overlapStoreSorterCheck', reset canuIteration.
----------------------------------------
-- Starting command on Fri Apr  9 11:44:54 2021 with 19421.054 GB free disk space

    cd correction
    /sw/bioinfo/canu/2.0/rackham/Linux-amd64/bin/ovStoreIndexer \
      -O  ./assembly.ovlStore.BUILDING \
      -S ../assembly.seqStore \
      -C  ./assembly.ovlStore.config \
      -delete \
    > ./assembly.ovlStore.BUILDING.index.err 2>&1

-- Finished on Fri Apr  9 11:44:55 2021 (one second) with 19421.036 GB free disk space
----------------------------------------
-- Checking store.
----------------------------------------
-- Starting command on Fri Apr  9 11:44:55 2021 with 19421.036 GB free disk space

    cd correction
    /sw/bioinfo/canu/2.0/rackham/Linux-amd64/bin/ovStoreDump \
     -S ../assembly.seqStore \
     -O  ./assembly.ovlStore \
     -counts \
     > ./assembly.ovlStore/counts.dat 2> ./assembly.ovlStore/counts.err

-- Finished on Fri Apr  9 11:44:55 2021 (fast as lightning) with 19421.034 GB free disk space
----------------------------------------
--
-- Overlap store 'correction/assembly.ovlStore' successfully constructed.
-- Found 2290532 overlaps for 30486 reads; 184790 reads have no overlaps.
--
--
-- Purged 0.789 GB in 114 overlap output files.
-- No change in report.
-- Finished stage 'cor-createOverlapStore', reset canuIteration.
-- Set corMinCoverage=4 based on read coverage of 200.
-- Global filter scores will be estimated.
-- Computing correction layouts.
----------------------------------------
-- Starting command on Fri Apr  9 11:44:55 2021 with 19421.02 GB free disk space

    cd correction
    /sw/bioinfo/canu/2.0/rackham/Linux-amd64/bin/generateCorrectionLayouts \
      -S ../assembly.seqStore \
      -O  ./assembly.ovlStore \
      -C  ./assembly.corStore.WORKING \
      -eC 80 \
    > ./assembly.corStore.err 2>&1

-- Finished on Fri Apr  9 11:44:56 2021 (one second) with 19420.976 GB free disk space
----------------------------------------
-- No change in report.
-- Finished stage 'cor-buildCorrectionLayoutsConfigure', reset canuIteration.
-- Computing correction layouts.
----------------------------------------
-- Starting command on Fri Apr  9 11:44:56 2021 with 19420.976 GB free disk space

    cd correction/2-correction
    /sw/bioinfo/canu/2.0/rackham/Linux-amd64/bin/filterCorrectionLayouts \
      -S  ../../assembly.seqStore \
      -C     ../assembly.corStore \
      -R      ./assembly.readsToCorrect.WORKING \
      -cc 4 \
      -cl 1000 \
      -g  3000000 \
      -c  40 \
    > ./assembly.readsToCorrect.err 2>&1

-- Finished on Fri Apr  9 11:44:57 2021 (one second) with 19420.953 GB free disk space
----------------------------------------
--                             original      original
--                            raw reads     raw reads
--   category                w/overlaps  w/o/overlaps
--   -------------------- ------------- -------------
--   Number of Reads              26661        188615
--   Number of Bases          430827926      49910701
--   Coverage                   143.609        16.637
--   Median                       13561             0
--   Mean                         16159           264
--   N50                          22163         19770
--   Minimum                       1000             0
--   Maximum                      64897         61792
--   
--                                        --------corrected---------  ----------rescued----------
--                             evidence                     expected                     expected
--   category                     reads            raw     corrected            raw     corrected
--   -------------------- -------------  ------------- -------------  ------------- -------------
--   Number of Reads              24725           4366          4366            909           909
--   Number of Bases          434329996      134525521     120010359        5999806       2705525
--   Coverage                   144.777         44.842        40.003          2.000         0.902
--   Median                       14839          30867         26772           4112          2154
--   Mean                         17566          30812         27487           6600          2976
--   N50                          22645          32782         28363          10895          3786
--   Minimum                       1012          19827         19824           1014          1001
--   Maximum                      63742          53513         43101          41584         16239
--   
--                        --------uncorrected--------
--                                           expected
--   category                       raw     corrected
--   -------------------- ------------- -------------
--   Number of Reads             210001        210001
--   Number of Bases          340213300     153404713
--   Coverage                   113.404        51.135
--   Median                           0             0
--   Mean                          1620           730
--   N50                          17182         12280
--   Minimum                          0             0
--   Maximum                      64897         43700
--   
--   Maximum Memory          1108319576
-- Report changed.
-- Finished stage 'cor-filterCorrectionLayouts', reset canuIteration.
-- Using overlaps no worse than 0.3 fraction error for correcting reads (from corErrorRate parameter).
--
-- Configuring correction jobs:
--   Jobs limited to 8 GB per job (via option corMemory).
--   Reads estimated to need at most 1.032 GB for computation.
--   Leaving 6.968 GB memory for read data.
----------------------------------------
-- Starting command on Fri Apr  9 11:44:57 2021 with 19420.953 GB free disk space

    cd correction/2-correction
    ./correctReadsPartition.sh \
    > ./correctReadsPartition.err 2>&1

-- Finished on Fri Apr  9 11:44:57 2021 (furiously fast) with 19420.953 GB free disk space
----------------------------------------
-- Using overlaps no worse than 0.3 fraction error for correcting reads (from corErrorRate parameter).
-- No change in report.
-- Finished stage 'cor-generateCorrectedReadsConfigure', reset canuIteration.
-- No change in report.
--
-- Running jobs.  First attempt out of 2.
----------------------------------------
-- Starting 'cor' concurrent execution on Fri Apr  9 11:44:57 2021 with 19420.953 GB free disk space (1 processes; 4 concurrently)

    cd correction/2-correction
    ./correctReads.sh 1 > ./correctReads.000001.out 2>&1

-- Finished on Fri Apr  9 13:04:05 2021 (4748 seconds) with 19375.141 GB free disk space
----------------------------------------
-- Found 1 read correction output files.
-- No change in report.
-- Finished stage 'cor-generateCorrectedReadsCheck', reset canuIteration.
-- Found 1 read correction output files.
-- No change in report.
-- Finished stage 'cor-generateCorrectedReadsCheck', reset canuIteration.
--
-- Loading corrected reads into corStore and seqStore.
----------------------------------------
-- Starting command on Fri Apr  9 13:04:05 2021 with 19375.141 GB free disk space

    cd correction
    /sw/bioinfo/canu/2.0/rackham/Linux-amd64/bin/loadCorrectedReads \
      -S ../assembly.seqStore \
      -C ./assembly.corStore \
      -L ./2-correction/corjob.files \
    >  ./assembly.loadCorrectedReads.log \
    2> ./assembly.loadCorrectedReads.err

-- Finished on Fri Apr  9 13:04:08 2021 (3 seconds) with 19375.056 GB free disk space
----------------------------------------
----------------------------------------
-- Starting command on Fri Apr  9 13:04:08 2021 with 19375.056 GB free disk space

    cd .
    /sw/bioinfo/canu/2.0/rackham/Linux-amd64/bin/sqStoreDumpMetaData \
      -S ./assembly.seqStore \
      -corrected \
      -histogram \
      -lengths \
    > ./assembly.seqStore/readlengths-obt.dat \
    2> ./assembly.seqStore/readlengths-obt.err 
    

-- Finished on Fri Apr  9 13:04:08 2021 (like a bat out of hell) with 19375.056 GB free disk space
----------------------------------------
----------------------------------------
-- Starting command on Fri Apr  9 13:04:08 2021 with 19375.056 GB free disk space

    cd .
    /sw/bioinfo/canu/2.0/rackham/Linux-amd64/bin/sqStoreDumpMetaData \
      -S ./assembly.seqStore \
      -corrected \
      -histogram \
    > ./assembly.seqStore/readlengths-obt.txt \
    2> ./assembly.seqStore/readlengths-obt.err 
    

-- Finished on Fri Apr  9 13:04:08 2021 (furiously fast) with 19375.056 GB free disk space
----------------------------------------
--
-- In sequence store './assembly.seqStore':
--   Found 4610 reads.
--   Found 100625815 bases (33.54 times coverage).
--    
--    G=100625815                        sum of  ||               length     num
--    NG         length     index       lengths  ||                range    seqs
--    ----- ------------ --------- ------------  ||  ------------------- -------
--    00010        34237       277     10082025  ||         63-898           114|------------------------
--    00020        31705       582     20130129  ||        899-1734          147|-------------------------------
--    00030        29447       911     30189435  ||       1735-2570           44|----------
--    00040        27333      1266     40267863  ||       2571-3406           24|-----
--    00050        25047      1651     50333676  ||       3407-4242            6|--
--    00060        23022      2070     60378249  ||       4243-5078           10|---
--    00070        21551      2523     70440256  ||       5079-5914           11|---
--    00080        20155      3007     80515335  ||       5915-6750           12|---
--    00090        17821      3529     90563364  ||       6751-7586           18|----
--    00100           63      4609    100625815  ||       7587-8422           28|------
--    001.000x                4610    100625815  ||       8423-9258           33|-------
--                                               ||       9259-10094          44|----------
--                                               ||      10095-10930          52|-----------
--                                               ||      10931-11766          71|---------------
--                                               ||      11767-12602          62|-------------
--                                               ||      12603-13438          42|---------
--                                               ||      13439-14274          63|--------------
--                                               ||      14275-15110          62|-------------
--                                               ||      15111-15946          63|--------------
--                                               ||      15947-16782          65|--------------
--                                               ||      16783-17618          82|-----------------
--                                               ||      17619-18454          91|-------------------
--                                               ||      18455-19290         184|---------------------------------------
--                                               ||      19291-20126         265|-------------------------------------------------------
--                                               ||      20127-20962         305|---------------------------------------------------------------
--                                               ||      20963-21798         279|----------------------------------------------------------
--                                               ||      21799-22634         268|--------------------------------------------------------
--                                               ||      22635-23470         205|-------------------------------------------
--                                               ||      23471-24306         179|-------------------------------------
--                                               ||      24307-25142         146|-------------------------------
--                                               ||      25143-25978         146|-------------------------------
--                                               ||      25979-26814         146|-------------------------------
--                                               ||      26815-27650         134|----------------------------
--                                               ||      27651-28486         132|----------------------------
--                                               ||      28487-29322         142|------------------------------
--                                               ||      29323-30158         115|------------------------
--                                               ||      30159-30994         133|----------------------------
--                                               ||      30995-31830         119|-------------------------
--                                               ||      31831-32666         100|---------------------
--                                               ||      32667-33502         110|-----------------------
--                                               ||      33503-34338          86|------------------
--                                               ||      34339-35174          82|-----------------
--                                               ||      35175-36010          58|------------
--                                               ||      36011-36846          47|----------
--                                               ||      36847-37682          31|-------
--                                               ||      37683-38518          19|----
--                                               ||      38519-39354          23|-----
--                                               ||      39355-40190           8|--
--                                               ||      40191-41026           3|-
--                                               ||      41027-41862           1|-
--    
--
-- Purging correctReads output after loading into stores.
-- Purged 1 .cns outputs.
-- Purged 2 .out job log outputs.
--
-- Purging overlaps used for correction.
-- Report changed.
-- Finished stage 'cor-loadCorrectedReads', reset canuIteration.
----------------------------------------
-- Starting command on Fri Apr  9 13:04:08 2021 with 19375.055 GB free disk space

    cd .
    /sw/bioinfo/canu/2.0/rackham/Linux-amd64/bin/sqStoreDumpFASTQ \
      -corrected \
      -S ./assembly.seqStore \
      -o ./assembly.correctedReads.gz \
      -fasta \
      -nolibname \
    > assembly.correctedReads.fasta.err 2>&1

-- Finished on Fri Apr  9 13:04:11 2021 (3 seconds) with 19375.019 GB free disk space
----------------------------------------
--
-- Corrected reads saved in 'assembly.correctedReads.fasta.gz'.
-- No change in report.
-- Finished stage 'cor-dumpCorrectedReads', reset canuIteration.
--
--
-- BEGIN TRIMMING
--
-- No change in report.
----------------------------------------
-- Starting command on Fri Apr  9 13:04:11 2021 with 19375.019 GB free disk space

    cd trimming/0-mercounts
    ./meryl-configure.sh \
    > ./meryl-configure.err 2>&1

-- Finished on Fri Apr  9 13:04:11 2021 (in the blink of an eye) with 19375.019 GB free disk space
----------------------------------------
--  segments   memory batches
--  -------- -------- -------
--        01  0.44 GB       1
--
--  For 4610 reads with 100625815 bases, limit to 1 batch.
--  Will count kmers using 01 jobs, each using 2 GB and 4 threads.
--
-- No change in report.
-- Finished stage 'merylConfigure', reset canuIteration.
-- No change in report.
--
-- Running jobs.  First attempt out of 2.
----------------------------------------
-- Starting 'meryl' concurrent execution on Fri Apr  9 13:04:11 2021 with 19375.019 GB free disk space (1 processes; 4 concurrently)

    cd trimming/0-mercounts
    ./meryl-count.sh 1 > ./meryl-count.000001.out 2>&1

-- Finished on Fri Apr  9 13:04:28 2021 (17 seconds) with 19374.728 GB free disk space
----------------------------------------
-- Found 1 Kmer counting (meryl) outputs.
-- No change in report.
-- Finished stage 'obt-merylCountCheck', reset canuIteration.
-- No change in report.
--
-- Running jobs.  First attempt out of 2.
----------------------------------------
-- Starting 'meryl' concurrent execution on Fri Apr  9 13:04:28 2021 with 19374.728 GB free disk space (1 processes; 4 concurrently)

    cd trimming/0-mercounts
    ./meryl-process.sh 1 > ./meryl-process.000001.out 2>&1

-- Finished on Fri Apr  9 13:04:51 2021 (23 seconds) with 19374.675 GB free disk space
----------------------------------------
-- Meryl finished successfully.  Kmer frequency histogram:
--
--  22-mers                                                                                           Fraction
--    Occurrences   NumMers                                                                         Unique Total
--       1-     1         0                                                                        0.0000 0.0000
--       2-     2    561057 *****************************************                              0.1607 0.0119
--       3-     4    269104 ********************                                                   0.2139 0.0178
--       5-     7     87472 ******                                                                 0.2505 0.0238
--       8-    11     29335 **                                                                     0.2659 0.0276
--      12-    16     25970 *                                                                      0.2723 0.0300
--      17-    22    112540 ********                                                               0.2810 0.0349
--      23-    29    477088 ***********************************                                    0.3227 0.0677
--      30-    37    941313 ********************************************************************** 0.4779 0.2258
--      38-    46    754758 ********************************************************               0.7493 0.5730
--      47-    56    197196 **************                                                         0.9454 0.8806
--      57-    67     24602 *                                                                      0.9909 0.9667
--      68-    79      5344                                                                        0.9969 0.9803
--      80-    92      2440                                                                        0.9982 0.9838
--      93-   106       566                                                                        0.9989 0.9859
--     107-   121        85                                                                        0.9990 0.9863
--     122-   137      1004                                                                        0.9990 0.9864
--     138-   154       171                                                                        0.9993 0.9879
--     155-   172        87                                                                        0.9993 0.9881
--     173-   191       114                                                                        0.9994 0.9882
--     192-   211        16                                                                        0.9994 0.9884
--     212-   232        30                                                                        0.9994 0.9885
--     233-   254         9                                                                        0.9994 0.9885
--     255-   277        16                                                                        0.9994 0.9886
--     278-   301         0                                                                        0.0000 0.0000
--     302-   326        17                                                                        0.9994 0.9886
--     327-   352       138                                                                        0.9994 0.9887
--     353-   379       333                                                                        0.9995 0.9892
--     380-   407      1169                                                                        0.9996 0.9906
--     408-   436       307                                                                        0.9999 0.9956
--     437-   466        39                                                                        1.0000 0.9967
--     467-   497        14                                                                        1.0000 0.9969
--     498-   529         1                                                                        1.0000 0.9970
--     530-   562         3                                                                        1.0000 0.9970
--     563-   596         4                                                                        1.0000 0.9970
--
--           0 (max occurrences)
--    94139545 (total mers, non-unique)
--     3492388 (distinct mers, non-unique)
--           0 (unique mers)
-- Report changed.
-- Finished stage 'meryl-process', reset canuIteration.
--
-- Removing meryl database 'trimming/0-mercounts/assembly.ms22'.
--
-- OVERLAPPER (normal) (trimming) erate=0.045
--
----------------------------------------
-- Starting command on Fri Apr  9 13:04:51 2021 with 19374.674 GB free disk space

    cd trimming/1-overlapper
    /sw/bioinfo/canu/2.0/rackham/Linux-amd64/bin/overlapInCorePartition \
     -S  ../../assembly.seqStore \
     -hl 80000000 \
     -rl 1000000000 \
     -ol 500 \
     -o  ./assembly.partition \
    > ./assembly.partition.err 2>&1

-- Finished on Fri Apr  9 13:04:51 2021 (like a bat out of hell) with 19374.674 GB free disk space
----------------------------------------
--
-- Configured 2 overlapInCore jobs.
-- No change in report.
-- Finished stage 'obt-overlapConfigure', reset canuIteration.
-- No change in report.
--
-- Running jobs.  First attempt out of 2.
----------------------------------------
-- Starting 'obtovl' concurrent execution on Fri Apr  9 13:04:51 2021 with 19374.674 GB free disk space (2 processes; 2 concurrently)

    cd trimming/1-overlapper
    ./overlap.sh 1 > ./overlap.000001.out 2>&1
    ./overlap.sh 2 > ./overlap.000002.out 2>&1

-- Finished on Fri Apr  9 13:31:40 2021 (1609 seconds) with 19368.645 GB free disk space
----------------------------------------
-- Found 2 overlapInCore output files.
--
-- overlapInCore compute 'trimming/1-overlapper':
--   kmer hits
--     with no overlap           140289     70144.5 +- 27693.837
--     with an overlap           210019    105009.5 +- 39380.897
--
--   overlaps                    210019    105009.5 +- 39380.897
--     contained                      0           0 +- 0
--     dovetail                       0           0 +- 0
--
--   overlaps rejected
--     multiple per pair              0           0 +- 0
--     bad short window               0           0 +- 0
--     bad long window                0           0 +- 0
-- No change in report.
-- Finished stage 'obt-overlapCheck', reset canuIteration.
----------------------------------------
-- Starting command on Fri Apr  9 13:31:40 2021 with 19368.645 GB free disk space

    cd trimming
    /sw/bioinfo/canu/2.0/rackham/Linux-amd64/bin/ovStoreConfig \
     -S ../assembly.seqStore \
     -M 3 \
     -L ./1-overlapper/ovljob.files \
     -create ./assembly.ovlStore.config \
     > ./assembly.ovlStore.config.txt \
    2> ./assembly.ovlStore.config.err

-- Finished on Fri Apr  9 13:31:40 2021 (lickety-split) with 19368.644 GB free disk space
----------------------------------------
--
-- Creating overlap store trimming/assembly.ovlStore using:
--      2 buckets
--      2 slices
--        using at most 1 GB memory each
-- No change in report.
-- Finished stage 'obt-overlapStoreConfigure', reset canuIteration.
-- No change in report.
--
-- Running jobs.  First attempt out of 2.
----------------------------------------
-- Starting 'ovB' concurrent execution on Fri Apr  9 13:31:40 2021 with 19368.644 GB free disk space (2 processes; 16 concurrently)

    cd trimming/assembly.ovlStore.BUILDING
    ./scripts/1-bucketize.sh 1 > ./logs/1-bucketize.000001.out 2>&1
    ./scripts/1-bucketize.sh 2 > ./logs/1-bucketize.000002.out 2>&1

-- Finished on Fri Apr  9 13:31:41 2021 (one second) with 19368.636 GB free disk space
----------------------------------------
-- Overlap store bucketizer finished.
-- No change in report.
-- Finished stage 'obt-overlapStoreBucketizerCheck', reset canuIteration.
-- No change in report.
--
-- Running jobs.  First attempt out of 2.
----------------------------------------
-- Starting 'ovS' concurrent execution on Fri Apr  9 13:31:41 2021 with 19368.636 GB free disk space (2 processes; 15 concurrently)

    cd trimming/assembly.ovlStore.BUILDING
    ./scripts/2-sort.sh 1 > ./logs/2-sort.000001.out 2>&1
    ./scripts/2-sort.sh 2 > ./logs/2-sort.000002.out 2>&1

-- Finished on Fri Apr  9 13:31:42 2021 (one second) with 19368.605 GB free disk space
----------------------------------------
-- Overlap store sorter finished.
-- No change in report.
-- Finished stage 'obt-overlapStoreSorterCheck', reset canuIteration.
----------------------------------------
-- Starting command on Fri Apr  9 13:31:42 2021 with 19368.605 GB free disk space

    cd trimming
    /sw/bioinfo/canu/2.0/rackham/Linux-amd64/bin/ovStoreIndexer \
      -O  ./assembly.ovlStore.BUILDING \
      -S ../assembly.seqStore \
      -C  ./assembly.ovlStore.config \
      -delete \
    > ./assembly.ovlStore.BUILDING.index.err 2>&1

-- Finished on Fri Apr  9 13:31:42 2021 (lickety-split) with 19368.587 GB free disk space
----------------------------------------
-- Checking store.
----------------------------------------
-- Starting command on Fri Apr  9 13:31:42 2021 with 19368.587 GB free disk space

    cd trimming
    /sw/bioinfo/canu/2.0/rackham/Linux-amd64/bin/ovStoreDump \
     -S ../assembly.seqStore \
     -O  ./assembly.ovlStore \
     -counts \
     > ./assembly.ovlStore/counts.dat 2> ./assembly.ovlStore/counts.err

-- Finished on Fri Apr  9 13:31:42 2021 (fast as lightning) with 19368.585 GB free disk space
----------------------------------------
--
-- Overlap store 'trimming/assembly.ovlStore' successfully constructed.
-- Found 420038 overlaps for 4456 reads; 210820 reads have no overlaps.
--
--
-- Purged 0.005 GB in 6 overlap output files.
-- No change in report.
-- Finished stage 'obt-createOverlapStore', reset canuIteration.
----------------------------------------
-- Starting command on Fri Apr  9 13:31:42 2021 with 19368.585 GB free disk space

    cd trimming/3-overlapbasedtrimming
    /sw/bioinfo/canu/2.0/rackham/Linux-amd64/bin/trimReads \
      -S  ../../assembly.seqStore \
      -O  ../assembly.ovlStore \
      -Co ./assembly.1.trimReads.clear \
      -e  0.045 \
      -minlength 1000 \
      -ol 500 \
      -oc 2 \
      -o  ./assembly.1.trimReads \
    >     ./assembly.1.trimReads.err 2>&1

-- Finished on Fri Apr  9 13:31:45 2021 (3 seconds) with 19368.538 GB free disk space
----------------------------------------
--  PARAMETERS:
--  ----------
--     1000    (reads trimmed below this many bases are deleted)
--   0.0450    (use overlaps at or below this fraction error)
--      500    (break region if overlap is less than this long, for 'largest covered' algorithm)
--        2    (break region if overlap coverage is less than this many reads, for 'largest covered' algorithm)
--  
--  INPUT READS:
--  -----------
--  215276 reads    100625815 bases (reads processed)
--       0 reads            0 bases (reads not processed, previously deleted)
--       0 reads            0 bases (reads not processed, in a library where trimming isn't allowed)
--  
--  OUTPUT READS:
--  ------------
--    4275 reads     71664833 bases (trimmed reads output)
--      99 reads      1661143 bases (reads with no change, kept as is)
--  210820 reads       168730 bases (reads with no overlaps, deleted)
--      82 reads        89847 bases (reads with short trimmed length, deleted)
--  
--  TRIMMING DETAILS:
--  ----------------
--    3325 reads      9591014 bases (bases trimmed from the 5' end of a read)
--    3995 reads     17450248 bases (bases trimmed from the 3' end of a read)
-- Report changed.
-- Finished stage 'obt-trimReads', reset canuIteration.
----------------------------------------
-- Starting command on Fri Apr  9 13:31:45 2021 with 19368.536 GB free disk space

    cd trimming/3-overlapbasedtrimming
    /sw/bioinfo/canu/2.0/rackham/Linux-amd64/bin/splitReads \
      -S  ../../assembly.seqStore \
      -O  ../assembly.ovlStore \
      -Ci ./assembly.1.trimReads.clear \
      -Co ./assembly.2.splitReads.clear \
      -e  0.045 \
      -minlength 1000 \
      -o  ./assembly.2.splitReads \
    >     ./assembly.2.splitReads.err 2>&1

-- Finished on Fri Apr  9 13:31:45 2021 (in the blink of an eye) with 19368.525 GB free disk space
----------------------------------------
--  PARAMETERS:
--  ----------
--     1000    (reads trimmed below this many bases are deleted)
--   0.0450    (use overlaps at or below this fraction error)
--  INPUT READS:
--  -----------
--    4374 reads    100367238 bases (reads processed)
--  210902 reads       258577 bases (reads not processed, previously deleted)
--       0 reads            0 bases (reads not processed, in a library where trimming isn't allowed)
--  
--  PROCESSED:
--  --------
--       0 reads            0 bases (no overlaps)
--       0 reads            0 bases (no coverage after adjusting for trimming done already)
--       0 reads            0 bases (processed for chimera)
--       0 reads            0 bases (processed for spur)
--    4374 reads    100367238 bases (processed for subreads)
--  
--  READS WITH SIGNALS:
--  ------------------
--       0 reads            0 signals (number of 5' spur signal)
--       0 reads            0 signals (number of 3' spur signal)
--       0 reads            0 signals (number of chimera signal)
--     252 reads          253 signals (number of subread signal)
--  
--  SIGNALS:
--  -------
--       0 reads            0 bases (size of 5' spur signal)
--       0 reads            0 bases (size of 3' spur signal)
--       0 reads            0 bases (size of chimera signal)
--     253 reads        68804 bases (size of subread signal)
--  
--  TRIMMING:
--  --------
--      96 reads      1115940 bases (trimmed from the 5' end of the read)
--     157 reads      1843729 bases (trimmed from the 3' end of the read)
-- Report changed.
-- Finished stage 'obt-splitReads', reset canuIteration.
----------------------------------------
-- Starting command on Fri Apr  9 13:31:45 2021 with 19368.525 GB free disk space

    cd trimming/3-overlapbasedtrimming
    /sw/bioinfo/canu/2.0/rackham/Linux-amd64/bin/loadTrimmedReads \
      -S ../../assembly.seqStore \
      -c ./assembly.2.splitReads.clear \
    > ./assembly.loadTrimmedReads.err 2>&1

-- Finished on Fri Apr  9 13:31:46 2021 (one second) with 19368.512 GB free disk space
----------------------------------------
----------------------------------------
-- Starting command on Fri Apr  9 13:31:46 2021 with 19368.512 GB free disk space

    cd .
    /sw/bioinfo/canu/2.0/rackham/Linux-amd64/bin/sqStoreDumpMetaData \
      -S ./assembly.seqStore \
      -corrected -trimmed \
      -histogram \
      -lengths \
    > ./assembly.seqStore/readlengths-utg.dat \
    2> ./assembly.seqStore/readlengths-utg.err 
    

-- Finished on Fri Apr  9 13:31:46 2021 (fast as lightning) with 19368.512 GB free disk space
----------------------------------------
----------------------------------------
-- Starting command on Fri Apr  9 13:31:46 2021 with 19368.511 GB free disk space

    cd .
    /sw/bioinfo/canu/2.0/rackham/Linux-amd64/bin/sqStoreDumpMetaData \
      -S ./assembly.seqStore \
      -corrected -trimmed \
      -histogram \
    > ./assembly.seqStore/readlengths-utg.txt \
    2> ./assembly.seqStore/readlengths-utg.err 
    

-- Finished on Fri Apr  9 13:31:46 2021 (like a bat out of hell) with 19368.511 GB free disk space
----------------------------------------
--
-- In sequence store './assembly.seqStore':
--   Found 4374 reads.
--   Found 70366307 bases (23.45 times coverage).
--    
--    G=70366307                         sum of  ||               length     num
--    NG         length     index       lengths  ||                range    seqs
--    ----- ------------ --------- ------------  ||  ------------------- -------
--    00010        25291       247      7038361  ||       1000-1748           59|---------------
--    00020        22401       546     14094194  ||       1749-2497           24|------
--    00030        20905       871     21110032  ||       2498-3246           14|----
--    00040        19595      1219     28147271  ||       3247-3995            5|--
--    00050        18056      1592     35198905  ||       3996-4744            6|--
--    00060        16262      2001     42225785  ||       4745-5493           10|---
--    00070        14661      2457     49260986  ||       5494-6242           17|-----
--    00080        12831      2970     56298975  ||       6243-6991           13|----
--    00090        11151      3557     63335482  ||       6992-7740           35|---------
--    00100         1000      4373     70366307  ||       7741-8489           42|----------
--    001.000x                4374     70366307  ||       8490-9238           84|--------------------
--                                               ||       9239-9987          152|-------------------------------------
--                                               ||       9988-10736         215|----------------------------------------------------
--                                               ||      10737-11485         257|--------------------------------------------------------------
--                                               ||      11486-12234         260|--------------------------------------------------------------
--                                               ||      12235-12983         265|---------------------------------------------------------------
--                                               ||      12984-13732         203|-------------------------------------------------
--                                               ||      13733-14481         202|-------------------------------------------------
--                                               ||      14482-15230         236|---------------------------------------------------------
--                                               ||      15231-15979         197|-----------------------------------------------
--                                               ||      15980-16728         181|--------------------------------------------
--                                               ||      16729-17477         158|--------------------------------------
--                                               ||      17478-18226         179|-------------------------------------------
--                                               ||      18227-18975         150|------------------------------------
--                                               ||      18976-19724         224|------------------------------------------------------
--                                               ||      19725-20473         215|----------------------------------------------------
--                                               ||      20474-21222         175|------------------------------------------
--                                               ||      21223-21971         176|------------------------------------------
--                                               ||      21972-22720         118|-----------------------------
--                                               ||      22721-23469         106|--------------------------
--                                               ||      23470-24218          72|------------------
--                                               ||      24219-24967          52|-------------
--                                               ||      24968-25716          53|-------------
--                                               ||      25717-26465          47|------------
--                                               ||      26466-27214          30|--------
--                                               ||      27215-27963          27|-------
--                                               ||      27964-28712          35|---------
--                                               ||      28713-29461          20|-----
--                                               ||      29462-30210          10|---
--                                               ||      30211-30959           8|--
--                                               ||      30960-31708           6|--
--                                               ||      31709-32457          10|---
--                                               ||      32458-33206           8|--
--                                               ||      33207-33955           8|--
--                                               ||      33956-34704           1|-
--                                               ||      34705-35453           2|-
--                                               ||      35454-36202           2|-
--                                               ||      36203-36951           1|-
--                                               ||      36952-37700           1|-
--                                               ||      37701-38449           3|-
--    
--
-- Purging overlaps used for trimming.
-- Report changed.
-- Finished stage 'obt-dumpReads', reset canuIteration.
----------------------------------------
-- Starting command on Fri Apr  9 13:31:46 2021 with 19368.511 GB free disk space

    cd .
    /sw/bioinfo/canu/2.0/rackham/Linux-amd64/bin/sqStoreDumpFASTQ \
      -trimmed \
      -S ./assembly.seqStore \
      -o ./assembly.trimmedReads.gz \
      -fasta \
      -trimmed -normal -nolibname \
    > ./assembly.trimmedReads.fasta.err 2>&1

-- Finished on Fri Apr  9 13:31:48 2021 (2 seconds) with 19368.522 GB free disk space
----------------------------------------
--
-- Trimmed reads saved in 'assembly.trimmedReads.fasta.gz'.
-- No change in report.
-- Finished stage 'cor-dumpTrimmedReads', reset canuIteration.
--
--
-- BEGIN ASSEMBLY
--
-- No change in report.
----------------------------------------
-- Starting command on Fri Apr  9 13:31:48 2021 with 19368.518 GB free disk space

    cd unitigging/0-mercounts
    ./meryl-configure.sh \
    > ./meryl-configure.err 2>&1

-- Finished on Fri Apr  9 13:31:49 2021 (one second) with 19368.517 GB free disk space
----------------------------------------
--  segments   memory batches
--  -------- -------- -------
--        01  0.31 GB       1
--
--  For 4374 reads with 70366307 bases, limit to 1 batch.
--  Will count kmers using 01 jobs, each using 2 GB and 4 threads.
--
-- No change in report.
-- Finished stage 'merylConfigure', reset canuIteration.
-- No change in report.
--
-- Running jobs.  First attempt out of 2.
----------------------------------------
-- Starting 'meryl' concurrent execution on Fri Apr  9 13:31:49 2021 with 19368.517 GB free disk space (1 processes; 4 concurrently)

    cd unitigging/0-mercounts
    ./meryl-count.sh 1 > ./meryl-count.000001.out 2>&1

-- Finished on Fri Apr  9 13:32:01 2021 (12 seconds) with 19368.4 GB free disk space
----------------------------------------
-- Found 1 Kmer counting (meryl) outputs.
-- No change in report.
-- Finished stage 'utg-merylCountCheck', reset canuIteration.
-- No change in report.
--
-- Running jobs.  First attempt out of 2.
----------------------------------------
-- Starting 'meryl' concurrent execution on Fri Apr  9 13:32:01 2021 with 19368.4 GB free disk space (1 processes; 4 concurrently)

    cd unitigging/0-mercounts
    ./meryl-process.sh 1 > ./meryl-process.000001.out 2>&1

-- Finished on Fri Apr  9 13:32:24 2021 (23 seconds) with 19368.228 GB free disk space
----------------------------------------
-- Meryl finished successfully.  Kmer frequency histogram:
--
--  22-mers                                                                                           Fraction
--    Occurrences   NumMers                                                                         Unique Total
--       1-     1         0                                                                        0.0000 0.0000
--       2-     2    253028 ***************                                                        0.0856 0.0075
--       3-     4    116408 ******                                                                 0.1133 0.0111
--       5-     7     37453 **                                                                     0.1314 0.0145
--       8-    11     23270 *                                                                      0.1397 0.0170
--      12-    16    102383 ******                                                                 0.1484 0.0211
--      17-    22    615273 ************************************                                   0.1986 0.0555
--      23-    29   1170286 ********************************************************************** 0.4439 0.2800
--      30-    37    568351 *********************************                                      0.8280 0.7290
--      38-    46     55251 ***                                                                    0.9824 0.9532
--      47-    56      6944                                                                        0.9957 0.9769
--      57-    67      2475                                                                        0.9976 0.9810
--      68-    79      1158                                                                        0.9984 0.9832
--      80-    92       225                                                                        0.9988 0.9844
--      93-   106      1066                                                                        0.9989 0.9848
--     107-   121         8                                                                        0.9992 0.9862
--     122-   137       143                                                                        0.9992 0.9863
--     138-   154         4                                                                        0.9993 0.9865
--     155-   172        26                                                                        0.9993 0.9865
--     173-   191        48                                                                        0.9993 0.9866
--     192-   211         3                                                                        0.9993 0.9867
--     212-   232        12                                                                        0.9993 0.9867
--     233-   254        16                                                                        0.9993 0.9868
--     255-   277        13                                                                        0.9993 0.9868
--     278-   301         2                                                                        0.9993 0.9869
--     302-   326        24                                                                        0.9993 0.9869
--     327-   352       171                                                                        0.9993 0.9870
--     353-   379       481                                                                        0.9994 0.9879
--     380-   407      1259                                                                        0.9996 0.9907
--     408-   436        43                                                                        1.0000 0.9979
--
--           0 (max occurrences)
--    67739628 (total mers, non-unique)
--     2955848 (distinct mers, non-unique)
--           0 (unique mers)
-- Report changed.
-- Finished stage 'meryl-process', reset canuIteration.
--
-- Removing meryl database 'unitigging/0-mercounts/assembly.ms22'.
--
-- OVERLAPPER (normal) (assembly) erate=0.045
--
----------------------------------------
-- Starting command on Fri Apr  9 13:32:24 2021 with 19368.227 GB free disk space

    cd unitigging/1-overlapper
    /sw/bioinfo/canu/2.0/rackham/Linux-amd64/bin/overlapInCorePartition \
     -S  ../../assembly.seqStore \
     -hl 80000000 \
     -rl 1000000000 \
     -ol 500 \
     -o  ./assembly.partition \
    > ./assembly.partition.err 2>&1

-- Finished on Fri Apr  9 13:32:24 2021 (lickety-split) with 19368.227 GB free disk space
----------------------------------------
--
-- Configured 1 overlapInCore jobs.
-- No change in report.
-- Finished stage 'utg-overlapConfigure', reset canuIteration.
-- No change in report.
--
-- Running jobs.  First attempt out of 2.
----------------------------------------
-- Starting 'utgovl' concurrent execution on Fri Apr  9 13:32:24 2021 with 19368.227 GB free disk space (1 processes; 2 concurrently)

    cd unitigging/1-overlapper
    ./overlap.sh 1 > ./overlap.000001.out 2>&1

-- Finished on Fri Apr  9 13:39:26 2021 (422 seconds) with 19361.57 GB free disk space
----------------------------------------
-- Found 1 overlapInCore output files.
--
-- overlapInCore compute 'unitigging/1-overlapper':
--   kmer hits
--     with no overlap            70642       70642 +- 0
--     with an overlap           115453      115453 +- 0
--
--   overlaps                    115453      115453 +- 0
--     contained                  22764       22764 +- 0
--     dovetail                   92689       92689 +- 0
--
--   overlaps rejected
--     multiple per pair              0           0 +- 0
--     bad short window               0           0 +- 0
--     bad long window                0           0 +- 0
-- No change in report.
-- Finished stage 'utg-overlapCheck', reset canuIteration.
----------------------------------------
-- Starting command on Fri Apr  9 13:39:26 2021 with 19361.57 GB free disk space

    cd unitigging
    /sw/bioinfo/canu/2.0/rackham/Linux-amd64/bin/ovStoreConfig \
     -S ../assembly.seqStore \
     -M 3 \
     -L ./1-overlapper/ovljob.files \
     -create ./assembly.ovlStore.config \
     > ./assembly.ovlStore.config.txt \
    2> ./assembly.ovlStore.config.err

-- Finished on Fri Apr  9 13:39:26 2021 (like a bat out of hell) with 19361.57 GB free disk space
----------------------------------------
--
-- Creating overlap store unitigging/assembly.ovlStore using:
--      1 bucket
--      2 slices
--        using at most 1 GB memory each
-- No change in report.
-- Finished stage 'utg-overlapStoreConfigure', reset canuIteration.
-- No change in report.
--
-- Running jobs.  First attempt out of 2.
----------------------------------------
-- Starting 'ovB' concurrent execution on Fri Apr  9 13:39:26 2021 with 19361.57 GB free disk space (1 processes; 16 concurrently)

    cd unitigging/assembly.ovlStore.BUILDING
    ./scripts/1-bucketize.sh 1 > ./logs/1-bucketize.000001.out 2>&1

-- Finished on Fri Apr  9 13:39:27 2021 (one second) with 19361.565 GB free disk space
----------------------------------------
-- Overlap store bucketizer finished.
-- No change in report.
-- Finished stage 'utg-overlapStoreBucketizerCheck', reset canuIteration.
-- No change in report.
--
-- Running jobs.  First attempt out of 2.
----------------------------------------
-- Starting 'ovS' concurrent execution on Fri Apr  9 13:39:27 2021 with 19361.565 GB free disk space (2 processes; 15 concurrently)

    cd unitigging/assembly.ovlStore.BUILDING
    ./scripts/2-sort.sh 1 > ./logs/2-sort.000001.out 2>&1
    ./scripts/2-sort.sh 2 > ./logs/2-sort.000002.out 2>&1

-- Finished on Fri Apr  9 13:39:27 2021 (furiously fast) with 19361.538 GB free disk space
----------------------------------------
-- Overlap store sorter finished.
-- No change in report.
-- Finished stage 'utg-overlapStoreSorterCheck', reset canuIteration.
----------------------------------------
-- Starting command on Fri Apr  9 13:39:27 2021 with 19361.538 GB free disk space

    cd unitigging
    /sw/bioinfo/canu/2.0/rackham/Linux-amd64/bin/ovStoreIndexer \
      -O  ./assembly.ovlStore.BUILDING \
      -S ../assembly.seqStore \
      -C  ./assembly.ovlStore.config \
      -delete \
    > ./assembly.ovlStore.BUILDING.index.err 2>&1

-- Finished on Fri Apr  9 13:39:28 2021 (one second) with 19361.52 GB free disk space
----------------------------------------
-- Checking store.
----------------------------------------
-- Starting command on Fri Apr  9 13:39:28 2021 with 19361.52 GB free disk space

    cd unitigging
    /sw/bioinfo/canu/2.0/rackham/Linux-amd64/bin/ovStoreDump \
     -S ../assembly.seqStore \
     -O  ./assembly.ovlStore \
     -counts \
     > ./assembly.ovlStore/counts.dat 2> ./assembly.ovlStore/counts.err

-- Finished on Fri Apr  9 13:39:28 2021 (furiously fast) with 19361.519 GB free disk space
----------------------------------------
--
-- Overlap store 'unitigging/assembly.ovlStore' successfully constructed.
-- Found 230906 overlaps for 4374 reads; 210902 reads have no overlaps.
--
--
-- Purged 0.002 GB in 3 overlap output files.
----------------------------------------
-- Starting command on Fri Apr  9 13:39:28 2021 with 19361.519 GB free disk space

    cd unitigging
    /sw/bioinfo/canu/2.0/rackham/Linux-amd64/bin/ovStoreStats \
     -C 23 \
     -S ../assembly.seqStore \
     -O  ./assembly.ovlStore \
     -o  ./assembly.ovlStore \
     > ./assembly.ovlStore.summary.err 2>&1

-- Finished on Fri Apr  9 13:39:28 2021 (furiously fast) with 19361.518 GB free disk space
----------------------------------------
--
-- Overlap store 'unitigging/assembly.ovlStore' contains:
--
--   category            reads     %          read length        feature size or coverage  analysis
--   ----------------  -------  -------  ----------------------  ------------------------  --------------------
--   middle-missing         19    0.43    18621.68 +- 6906.88        663.00 +- 816.64     (bad trimming)
--   middle-hump             0    0.00        0.00 +- 0.00             0.00 +- 0.00       (bad trimming)
--   no-5-prime              3    0.07    11927.67 +- 18643.26      2390.67 +- 3748.16    (bad trimming)
--   no-3-prime              1    0.02     1033.00 +- 0.00           282.00 +- 0.00       (bad trimming)
--   
--   low-coverage            0    0.00        0.00 +- 0.00             0.00 +- 0.00       (easy to assemble, potential for lower quality consensus)
--   unique               3624   82.85    16053.82 +- 5319.30         26.08 +- 4.76       (easy to assemble, perfect, yay)
--   repeat-cont            10    0.23     3827.00 +- 4142.68         57.26 +- 5.73       (potential for consensus errors, no impact on assembly)
--   repeat-dove             0    0.00        0.00 +- 0.00             0.00 +- 0.00       (hard to assemble, likely won't assemble correctly or even at all)
--   
--   span-repeat           488   11.16    17041.65 +- 6270.80       3699.27 +- 4078.29    (read spans a large repeat, usually easy to assemble)
--   uniq-repeat-cont      189    4.32    13151.83 +- 7174.96                             (should be uniquely placed, low potential for consensus errors, no impact on assembly)
--   uniq-repeat-dove       36    0.82    24723.22 +- 7403.76                             (will end contigs, potential to misassemble)
--   uniq-anchor             4    0.09    16576.75 +- 6842.31       3231.25 +- 3268.63    (repeat read, with unique section, probable bad read)
-- Report changed.
-- Finished stage 'utg-createOverlapStore', reset canuIteration.
--
-- Loading read lengths.
-- Loading number of overlaps per read.
--
-- Configure RED for 16gb memory.
--                   Batches of at most (unlimited) reads.
--                                      500000000 bases.
--                   Expecting evidence of at most 536870912 bases per iteration.
--
--           Total                                               Reads                 Olaps Evidence
--    Job   Memory      Read Range         Reads        Bases   Memory        Olaps   Memory   Memory  (Memory in MB)
--   ---- -------- ------------------- --------- ------------ -------- ------------ -------- --------
--      1 11695.99         1-215276         4610     70624884  8621.35       230906     2.64  1024.00
--   ---- -------- ------------------- --------- ------------ -------- ------------ -------- --------
--                                                   70624884                230906
-- No change in report.
-- Finished stage 'readErrorDetectionConfigure', reset canuIteration.
-- No change in report.
--
-- Running jobs.  First attempt out of 2.
----------------------------------------
-- Starting 'red' concurrent execution on Fri Apr  9 13:39:29 2021 with 19361.517 GB free disk space (1 processes; 4 concurrently)

    cd unitigging/3-overlapErrorAdjustment
    ./red.sh 1 > ./red.000001.out 2>&1

-- Finished on Fri Apr  9 13:40:07 2021 (38 seconds) with 19361.423 GB free disk space
----------------------------------------
-- Found 1 read error detection output files.
-- No change in report.
-- Finished stage 'readErrorDetectionCheck', reset canuIteration.
--
-- Loading read lengths.
-- Loading number of overlaps per read.
--
-- Configure OEA for 8gb memory.
--                   Batches of at most (unlimited) reads.
--                                      300000000 bases.
--
--           Total                                               Reads                 Olaps  Adjusts
--    Job   Memory      Read Range         Reads        Bases   Memory        Olaps   Memory   Memory  (Memory in MB)
--   ---- -------- ------------------- --------- ------------ -------- ------------ -------- --------
--      1  2459.31         1-215276         4610     70624884    75.49       230906     7.05   328.77
--   ---- -------- ------------------- --------- ------------ -------- ------------ -------- --------
--                                                   70624884                230906
-- No change in report.
-- Finished stage 'overlapErrorAdjustmentConfigure', reset canuIteration.
-- No change in report.
--
-- Running jobs.  First attempt out of 2.
----------------------------------------
-- Starting 'oea' concurrent execution on Fri Apr  9 13:40:08 2021 with 19361.417 GB free disk space (1 processes; 15 concurrently)

    cd unitigging/3-overlapErrorAdjustment
    ./oea.sh 1 > ./oea.000001.out 2>&1

-- Finished on Fri Apr  9 13:40:16 2021 (8 seconds) with 19361.424 GB free disk space
----------------------------------------
-- Found 1 overlap error adjustment output files.
-- No change in report.
-- Finished stage 'overlapErrorAdjustmentCheck', reset canuIteration.
----------------------------------------
-- Starting command on Fri Apr  9 13:40:16 2021 with 19361.424 GB free disk space

    cd unitigging/3-overlapErrorAdjustment
    /sw/bioinfo/canu/2.0/rackham/Linux-amd64/bin/loadErates \
      -S ../../assembly.seqStore \
      -O ../assembly.ovlStore \
      -L ./oea.files \
    > ./oea.apply.err 2>&1

-- Finished on Fri Apr  9 13:40:16 2021 (in the blink of an eye) with 19361.423 GB free disk space
----------------------------------------
-- No report available.
-- Report changed.
-- Finished stage 'updateOverlapStore', reset canuIteration.
-- Finished stage 'unitig', reset canuIteration.
-- No change in report.
-- No change in report.
--
-- Running jobs.  First attempt out of 2.
----------------------------------------
-- Starting 'bat' concurrent execution on Fri Apr  9 13:40:16 2021 with 19361.423 GB free disk space (1 processes; 1 concurrently)

    cd unitigging/4-unitigger
    ./unitigger.sh 1 > ./unitigger.000001.out 2>&1

-- Finished on Fri Apr  9 13:40:18 2021 (2 seconds) with 19361.42 GB free disk space
----------------------------------------
-- Unitigger finished successfully.
-- Found, in version 1, after unitig construction:
--   contigs:      3 sequences, total length 2619360 bp (including 0 repeats of total length 0 bp).
--   bubbles:      0 sequences, total length 0 bp.
--   unassembled:  98 sequences, total length 1292959 bp.
--
-- Contig sizes based on genome size 3mbp:
--
--            NG (bp)  LG (contigs)    sum (bp)
--         ----------  ------------  ----------
--     10     2573196             1     2573196
--     20     2573196             1     2573196
--     30     2573196             1     2573196
--     40     2573196             1     2573196
--     50     2573196             1     2573196
--     60     2573196             1     2573196
--     70     2573196             1     2573196
--     80     2573196             1     2573196
--
-- Report changed.
-- Finished stage 'unitigCheck', reset canuIteration.
----------------------------------------
-- Starting command on Fri Apr  9 13:40:18 2021 with 19361.42 GB free disk space

    cd unitigging
    /sw/bioinfo/canu/2.0/rackham/Linux-amd64/bin/utgcns \
      -S ../assembly.seqStore \
      -T  ./assembly.ctgStore 1 \
      -partition 0.8 1 0.1 \
    > ./assembly.ctgStore/partitioning.log 2>&1

-- Finished on Fri Apr  9 13:40:19 2021 (one second) with 19361.359 GB free disk space
----------------------------------------
----------------------------------------
-- Starting command on Fri Apr  9 13:40:19 2021 with 19361.359 GB free disk space

    cd unitigging
    /sw/bioinfo/canu/2.0/rackham/Linux-amd64/bin/utgcns \
      -S ../assembly.seqStore \
      -T  ./assembly.utgStore 1 \
      -partition 0.8 1 0.1 \
    > ./assembly.utgStore/partitioning.log 2>&1

-- Finished on Fri Apr  9 13:40:21 2021 (2 seconds) with 19361.308 GB free disk space
----------------------------------------
-- Using slow alignment for consensus (iteration '0').
-- Configured 2 contig and 2 unitig consensus jobs.
-- No change in report.
-- Finished stage 'consensusConfigure', reset canuIteration.
--
--                                (tag)Concurrency
--                         (tag)Threads          |
--                (tag)Memory         |          |
--        (tag)             |         |          |       total usage      algorithm
--        -------  ----------  --------   --------  --------------------  -----------------------------
-- Local: cns        2.875 GB    4 CPUs x   4 jobs    11.500 GB  16 CPUs  (consensus)
--
-- No change in report.
--
-- Running jobs.  First attempt out of 2.
----------------------------------------
-- Starting 'cns' concurrent execution on Fri Apr  9 13:40:21 2021 with 19361.308 GB free disk space (4 processes; 4 concurrently)

    cd unitigging/5-consensus
    ./consensus.sh 1 > ./consensus.000001.out 2>&1
    ./consensus.sh 2 > ./consensus.000002.out 2>&1
    ./consensus.sh 3 > ./consensus.000003.out 2>&1
    ./consensus.sh 4 > ./consensus.000004.out 2>&1

-- Finished on Fri Apr  9 13:44:13 2021 (232 seconds) with 19360.366 GB free disk space
----------------------------------------
-- Using slow alignment for consensus (iteration '1').
-- Configured 2 contig and 2 unitig consensus jobs.
-- No change in report.
-- All 4 consensus jobs finished successfully.
-- No change in report.
-- Finished stage 'consensusCheck', reset canuIteration.
-- Using slow alignment for consensus (iteration '0').
-- Configured 2 contig and 2 unitig consensus jobs.
-- No change in report.
----------------------------------------
-- Starting command on Fri Apr  9 13:44:13 2021 with 19360.365 GB free disk space

    cd unitigging
    /sw/bioinfo/canu/2.0/rackham/Linux-amd64/bin/tgStoreLoad \
      -S ../assembly.seqStore \
      -T  ./assembly.ctgStore 2 \
      -L ./5-consensus/ctgcns.files \
    > ./5-consensus/ctgcns.files.ctgStoreLoad.err 2>&1

-- Finished on Fri Apr  9 13:44:14 2021 (one second) with 19360.344 GB free disk space
----------------------------------------
----------------------------------------
-- Starting command on Fri Apr  9 13:44:14 2021 with 19360.344 GB free disk space

    cd unitigging
    /sw/bioinfo/canu/2.0/rackham/Linux-amd64/bin/tgStoreLoad \
      -S ../assembly.seqStore \
      -T  ./assembly.utgStore 2 \
      -L ./5-consensus/utgcns.files \
    > ./5-consensus/utgcns.files.utgStoreLoad.err 2>&1

-- Finished on Fri Apr  9 13:44:14 2021 (in the blink of an eye) with 19360.339 GB free disk space
----------------------------------------
-- Purging consensus output after loading to ctgStore and/or utgStore.
-- Purged 4 .cns outputs.
----------------------------------------
-- Starting command on Fri Apr  9 13:44:14 2021 with 19360.339 GB free disk space

    cd unitigging
    /sw/bioinfo/canu/2.0/rackham/Linux-amd64/bin/tgStoreDump \
      -S ../assembly.seqStore \
      -T ./assembly.ctgStore 2 \
      -sizes -s 3000000 \
    > ./assembly.ctgStore/seqDB.v002.sizes.txt
sqStore_loadMetadata()-- Using 'corrected-trimmed' 0x10 reads.

-- Finished on Fri Apr  9 13:44:14 2021 (fast as lightning) with 19360.491 GB free disk space
----------------------------------------
-- Found, in version 2, after consensus generation:
--   contigs:      3 sequences, total length 2617417 bp (including 0 repeats of total length 0 bp).
--   bubbles:      0 sequences, total length 0 bp.
--   unassembled:  98 sequences, total length 1292979 bp.
--
-- Contig sizes based on genome size 3mbp:
--
--            NG (bp)  LG (contigs)    sum (bp)
--         ----------  ------------  ----------
--     10     2571235             1     2571235
--     20     2571235             1     2571235
--     30     2571235             1     2571235
--     40     2571235             1     2571235
--     50     2571235             1     2571235
--     60     2571235             1     2571235
--     70     2571235             1     2571235
--     80     2571235             1     2571235
--
-- Report changed.
-- Finished stage 'consensusLoad', reset canuIteration.
-- No change in report.
----------------------------------------
-- Starting command on Fri Apr  9 13:44:14 2021 with 19360.491 GB free disk space

    cd unitigging/4-unitigger
    ./alignGFA.sh \
    > alignGFA.err 2>&1

-- Finished on Fri Apr  9 13:44:15 2021 (one second) with 19360.467 GB free disk space
----------------------------------------
----------------------------------------
-- Starting command on Fri Apr  9 13:44:15 2021 with 19360.465 GB free disk space

    cd .
    /sw/bioinfo/canu/2.0/rackham/Linux-amd64/bin/tgStoreDump \
      -S ./assembly.seqStore \
      -T ./unitigging/assembly.ctgStore 2 \
      -o ./assembly.contigs \
      -layout \
    > ./assembly.contigs.layout.err 2>&1

-- Finished on Fri Apr  9 13:44:16 2021 (one second) with 19360.463 GB free disk space
----------------------------------------
----------------------------------------
-- Starting command on Fri Apr  9 13:44:16 2021 with 19360.463 GB free disk space

    cd .
    /sw/bioinfo/canu/2.0/rackham/Linux-amd64/bin/tgStoreDump \
      -S ./assembly.seqStore \
      -T ./unitigging/assembly.utgStore 2 \
      -o ./assembly.unitigs \
      -layout \
    > ./assembly.unitigs.layout.err 2>&1

-- Finished on Fri Apr  9 13:44:16 2021 (in the blink of an eye) with 19360.463 GB free disk space
----------------------------------------
----------------------------------------
-- Starting command on Fri Apr  9 13:44:16 2021 with 19360.463 GB free disk space

    cd .
    /sw/bioinfo/canu/2.0/rackham/Linux-amd64/bin/tgStoreDump \
      -S ./assembly.seqStore \
      -T ./unitigging/assembly.ctgStore 2 \
      -consensus -fasta \
      -unassembled \
    > ./assembly.unassembled.fasta
    2> ./assembly.unassembled.err
sqStore_loadMetadata()-- Using 'corrected-trimmed' 0x10 reads.

-- Finished on Fri Apr  9 13:44:16 2021 (like a bat out of hell) with 19360.461 GB free disk space
----------------------------------------
----------------------------------------
-- Starting command on Fri Apr  9 13:44:16 2021 with 19360.461 GB free disk space

    cd .
    /sw/bioinfo/canu/2.0/rackham/Linux-amd64/bin/tgStoreDump \
      -S ./assembly.seqStore \
      -T ./unitigging/assembly.ctgStore 2 \
      -consensus -fasta \
      -contigs \
    > ./assembly.contigs.fasta
    2> ./assembly.contigs.err
sqStore_loadMetadata()-- Using 'corrected-trimmed' 0x10 reads.

-- Finished on Fri Apr  9 13:44:16 2021 (in the blink of an eye) with 19360.459 GB free disk space
----------------------------------------
----------------------------------------
-- Starting command on Fri Apr  9 13:44:16 2021 with 19360.459 GB free disk space

    cd .
    /sw/bioinfo/canu/2.0/rackham/Linux-amd64/bin/tgStoreDump \
      -S ./assembly.seqStore \
      -T ./unitigging/assembly.utgStore 2 \
      -consensus -fasta \
      -contigs \
    > ./assembly.unitigs.fasta
    2> ./assembly.unitigs.err
sqStore_loadMetadata()-- Using 'corrected-trimmed' 0x10 reads.

-- Finished on Fri Apr  9 13:44:16 2021 (lickety-split) with 19360.451 GB free disk space
----------------------------------------
-- No change in report.
-- Finished stage 'generateOutputs', reset canuIteration.
--
-- Assembly 'assembly' finished in '/domus/h1/huda4885/genome_analysis_project/analysis/01_canu'.
--
-- Summary saved in 'assembly.report'.
--
-- Sequences saved:
--   Contigs       -> 'assembly.contigs.fasta'
--   Unassembled   -> 'assembly.unassembled.fasta'
--   Unitigs       -> 'assembly.unitigs.fasta'
--
-- Read layouts saved:
--   Contigs       -> 'assembly.contigs.layout'.
--   Unitigs       -> 'assembly.unitigs.layout'.
--
-- Graphs saved:
--   Unitigs       -> 'assembly.unitigs.gfa'.
--
-- Bye.
